d:\visual\課題期末\gpg_2020\x64\debug\vc143.pdb
d:\visual\課題期末\gpg_2020\x64\debug\vc143.idb
d:\visual\課題期末\gpg_2020\x64\debug\task_loadgame.obj
d:\visual\課題期末\gpg_2020\x64\debug\task_lc.obj
d:\visual\課題期末\gpg_2020\x64\debug\task_ending.obj
d:\visual\課題期末\gpg_2020\x64\debug\mypg.obj
d:\visual\課題期末\gpg_2020\x64\debug\mylib.obj
d:\visual\課題期末\gpg_2020\x64\debug\mygamemain.obj
d:\visual\課題期末\gpg_2020\x64\debug\gameengine_ver3_83.obj
d:\visual\課題期末\gpg_2020\x64\debug\dm2008_ver1_4.obj
d:\visual\課題期末\gpg_2020\x64\debug\dg2014_vertexcontainer.obj
d:\visual\課題期末\gpg_2020\x64\debug\dg2014_vertexbuffer.obj
d:\visual\課題期末\gpg_2020\x64\debug\dg2014_ver3_6.obj
d:\visual\課題期末\gpg_2020\x64\debug\dg2014_texture.obj
d:\visual\課題期末\gpg_2020\x64\debug\dg2014_meshsobfile.obj
d:\visual\課題期末\gpg_2020\x64\debug\dg2014_mesh.obj
d:\visual\課題期末\gpg_2020\x64\debug\dg2014_inputlayout.obj
d:\visual\課題期末\gpg_2020\x64\debug\dg2014_indexbuffer.obj
d:\visual\課題期末\gpg_2020\x64\debug\dg2014_image.obj
d:\visual\課題期末\gpg_2020\x64\debug\dg2014_font.obj
d:\visual\課題期末\gpg_2020\x64\debug\dg2014_effect.obj
d:\visual\課題期末\gpg_2020\x64\debug\dg2014_dgobject.obj
d:\visual\課題期末\gpg_2020\x64\debug\xi2018_ver1_0.obj
d:\visual\課題期末\gpg_2020\x64\debug\winmain.obj
d:\visual\課題期末\gpg_2020\x64\debug\task_title.obj
d:\visual\課題期末\gpg_2020\x64\debug\task_newgame.obj
d:\visual\課題期末\x64\debug\gpg_2020.exe
d:\visual\課題期末\x64\debug\gpg_2020.pdb
d:\visual\課題期末\gpg_2020\x64\debug\gpg_2020.ilk
d:\visual\課題期末\x64\debug\gpg_2020.ilk
d:\visual\課題期末\gpg_2020\x64\debug\gpg_2020.tlog\cl.command.1.tlog
d:\visual\課題期末\gpg_2020\x64\debug\gpg_2020.tlog\cl.items.tlog
d:\visual\課題期末\gpg_2020\x64\debug\gpg_2020.tlog\cl.read.1.tlog
d:\visual\課題期末\gpg_2020\x64\debug\gpg_2020.tlog\cl.write.1.tlog
d:\visual\課題期末\gpg_2020\x64\debug\gpg_2020.tlog\link.command.1.tlog
d:\visual\課題期末\gpg_2020\x64\debug\gpg_2020.tlog\link.read.1.tlog
d:\visual\課題期末\gpg_2020\x64\debug\gpg_2020.tlog\link.secondary.1.tlog
d:\visual\課題期末\gpg_2020\x64\debug\gpg_2020.tlog\link.write.1.tlog
