  DG2014_DGObject.cpp
  DG2014_Effect.cpp
  DG2014_Font.cpp
  DG2014_Image.cpp
  DG2014_IndexBuffer.cpp
  DG2014_InputLayout.cpp
  DG2014_Mesh.cpp
  DG2014_MeshSOBFile.cpp
  DG2014_Texture.cpp
  DG2014_Ver3_6.cpp
  DG2014_VertexBuffer.cpp
  DG2014_VertexContainer.cpp
  Dm2008_Ver1_4.cpp
  GameEngine_Ver3_83.cpp
  MyGameMain.cpp
  MyPG.cpp
  Task_Ending.cpp
  Task_Game.cpp
  Task_LC.cpp
  Task_LoadGame.cpp
  正在生成代码...
  正在编译...
  Task_NewGame.cpp
  Task_Title.cpp
  WinMain.cpp
  XI2018_Ver1_0.cpp
  myLib.cpp
  正在生成代码...
  LINK : 没有找到 E:\日本電子専門学校\ゲームプログラミング\課題期末\x64\Debug\GPG_2020.exe 或上一个增量链接没有生成它；正在执行完全链接
  GPG_2020.vcxproj -> E:\日本電子専門学校\ゲームプログラミング\課題期末\x64\Debug\GPG_2020.exe
